<?xml version="1.0" encoding="UTF-8"?>
<!-- Generated by org.testng.reporters.JUnitXMLReporter -->
<testsuite ignored="4" hostname="DESKTOP-6EBSEMA" failures="0" tests="3" name="Smoke Test Cases" time="0.096" errors="0" timestamp="2024-06-10T17:00:45 EDT">
  <testcase classname="testNGPrograms.ManyClassesProgram" name="testcase1" time="0.012"/>
  <testcase classname="testNGPrograms.ManyClassesProgram" name="testcase2" time="0.002"/>
  <testcase classname="testNGPrograms.ManyClassesProgram" name="testcase3" time="0.001"/>
  <testcase classname="testNGPrograms.ManyClassesProgram" name="testcase6" time="0.0">
    <ignored/>
  </testcase> <!-- testcase6 -->
  <testcase classname="testNGPrograms.ManyClassesProgram" name="testcase7" time="0.0">
    <ignored/>
  </testcase> <!-- testcase7 -->
  <testcase classname="testNGPrograms.ManyClassesProgram" name="testcase4" time="0.0">
    <ignored/>
  </testcase> <!-- testcase4 -->
  <testcase classname="testNGPrograms.ManyClassesProgram" name="testcase5" time="0.0">
    <ignored/>
  </testcase> <!-- testcase5 -->
</testsuite> <!-- Smoke Test Cases -->
