<?xml version="1.0" encoding="UTF-8"?>
<!-- Generated by org.testng.reporters.JUnitXMLReporter -->
<testsuite ignored="0" hostname="DESKTOP-6EBSEMA" failures="0" tests="33" name="Smoke Test" time="0.4" errors="0" timestamp="2024-05-02T21:22:24 EDT">
  <testcase classname="testNGPrograms.TestCase1" name="method1" time="0.015"/>
  <testcase classname="testNGPrograms.TestCase1" name="method1" time="0.004"/>
  <testcase classname="testNGPrograms.TestCase1" name="method1" time="0.003"/>
  <testcase classname="testNGPrograms.TestCase1" name="method1" time="0.007"/>
  <testcase classname="testNGPrograms.TestCase1" name="method1" time="0.01"/>
  <testcase classname="testNGPrograms.TestCase1" name="method1" time="0.005"/>
  <testcase classname="testNGPrograms.TestCase1" name="method1" time="0.012"/>
  <testcase classname="testNGPrograms.TestCase1" name="method1" time="0.006"/>
  <testcase classname="testNGPrograms.TestCase1" name="method1" time="0.003"/>
  <testcase classname="testNGPrograms.TestCase1" name="method1" time="0.002"/>
  <testcase classname="testNGPrograms.TestCase1" name="method2" time="0.003"/>
  <testcase classname="testNGPrograms.TestCase2" name="method1" time="0.002"/>
  <testcase classname="testNGPrograms.TestCase2" name="method1" time="0.003"/>
  <testcase classname="testNGPrograms.TestCase2" name="method1" time="0.001"/>
  <testcase classname="testNGPrograms.TestCase2" name="method1" time="0.001"/>
  <testcase classname="testNGPrograms.TestCase2" name="method1" time="0.003"/>
  <testcase classname="testNGPrograms.TestCase2" name="method1" time="0.001"/>
  <testcase classname="testNGPrograms.TestCase2" name="method1" time="0.001"/>
  <testcase classname="testNGPrograms.TestCase2" name="method1" time="0.003"/>
  <testcase classname="testNGPrograms.TestCase2" name="method1" time="0.002"/>
  <testcase classname="testNGPrograms.TestCase2" name="method1" time="0.002"/>
  <testcase classname="testNGPrograms.TestCase2" name="method2" time="0.001"/>
  <testcase classname="testNGPrograms.TestCase3" name="method1" time="0.002"/>
  <testcase classname="testNGPrograms.TestCase3" name="method1" time="0.001"/>
  <testcase classname="testNGPrograms.TestCase3" name="method1" time="0.001"/>
  <testcase classname="testNGPrograms.TestCase3" name="method1" time="0.001"/>
  <testcase classname="testNGPrograms.TestCase3" name="method1" time="0.002"/>
  <testcase classname="testNGPrograms.TestCase3" name="method1" time="0.001"/>
  <testcase classname="testNGPrograms.TestCase3" name="method1" time="0.005"/>
  <testcase classname="testNGPrograms.TestCase3" name="method1" time="0.002"/>
  <testcase classname="testNGPrograms.TestCase3" name="method1" time="0.001"/>
  <testcase classname="testNGPrograms.TestCase3" name="method1" time="0.001"/>
  <testcase classname="testNGPrograms.TestCase3" name="method2" time="0.003"/>
</testsuite> <!-- Smoke Test -->
